# JRE version: OpenJDK Runtime Environment Temurin-21.0.9+10 (21.0.9+10) (build 21.0.9+10-LTS)
# Java VM: OpenJDK 64-Bit Server VM Temurin-21.0.9+10 (21.0.9+10-LTS, mixed mode, sharing, tiered, compressed oops, compressed class ptrs, parallel gc, windows-amd64)
GC Precious Log:
 CardTable entry size: 512
 CPUs: 4 total, 4 available
 Memory: 3975M
 Large Page Support: Disabled
 NUMA Support: Disabled
 Compressed Oops: Enabled (32-bit)
 Alignments: Space 512K, Generation 512K, Heap 2M
 Heap Min Capacity: 100M
 Heap Initial Capacity: 100M
 Heap Max Capacity: 2G
 Pre-touch: Disabled
 Parallel Workers: 4
Heap:
 PSYoungGen      total 9728K, used 3102K [0x00000000d5580000, 0x00000000d6200000, 0x0000000100000000)
  eden space 8704K, 27% used [0x00000000d5580000,0x00000000d57d9ca0,0x00000000d5e00000)
  from space 1024K, 67% used [0x00000000d6100000,0x00000000d61addd0,0x00000000d6200000)
  to   space 1536K, 0% used [0x00000000d5f00000,0x00000000d5f00000,0x00000000d6080000)
 ParOldGen       total 1369088K, used 1368871K [0x0000000080000000, 0x00000000d3900000, 0x00000000d5580000)
  object space 1369088K, 99% used [0x0000000080000000,0x00000000d38c9d38,0x00000000d3900000)
 Metaspace       used 71768K, committed 73216K, reserved 1179648K
  class space    used 7079K, committed 7808K, reserved 1048576K
GC Heap History (20 events):
Event: 17913.136 GC heap before
{Heap before GC invocations=1303 (full 4):
 PSYoungGen      total 11264K, used 11033K [0x00000000d5580000, 0x00000000d6900000, 0x0000000100000000)
  eden space 8704K, 98% used [0x00000000d5580000,0x00000000d5de5778,0x00000000d5e00000)
  from space 2560K, 95% used [0x00000000d6680000,0x00000000d68e0da0,0x00000000d6900000)
  to   space 4608K, 0% used [0x00000000d6000000,0x00000000d6000000,0x00000000d6480000)
 ParOldGen       total 1324544K, used 1324371K [0x0000000080000000, 0x00000000d0d80000, 0x00000000d5580000)
  object space 1324544K, 99% used [0x0000000080000000,0x00000000d0d54c40,0x00000000d0d80000)
 Metaspace       used 71699K, committed 73152K, reserved 1179648K
  class space    used 7079K, committed 7808K, reserved 1048576K
}
Event: 17913.162 GC heap after
{Heap after GC invocations=1303 (full 4):
 PSYoungGen      total 13312K, used 1577K [0x00000000d5580000, 0x00000000d6700000, 0x0000000100000000)
  eden space 8704K, 0% used [0x00000000d5580000,0x00000000d5580000,0x00000000d5e00000)
  from space 4608K, 34% used [0x00000000d6000000,0x00000000d618a478,0x00000000d6480000)
  to   space 2560K, 0% used [0x00000000d6480000,0x00000000d6480000,0x00000000d6700000)
 ParOldGen       total 1327104K, used 1326683K [0x0000000080000000, 0x00000000d1000000, 0x00000000d5580000)
  object space 1327104K, 99% used [0x0000000080000000,0x00000000d0f96d98,0x00000000d1000000)
 Metaspace       used 71699K, committed 73152K, reserved 1179648K
  class space    used 7079K, committed 7808K, reserved 1048576K
}
Event: 17913.791 GC heap before
{Heap before GC invocations=1304 (full 4):
 PSYoungGen      total 13312K, used 10281K [0x00000000d5580000, 0x00000000d6700000, 0x0000000100000000)
  eden space 8704K, 100% used [0x00000000d5580000,0x00000000d5e00000,0x00000000d5e00000)
  from space 4608K, 34% used [0x00000000d6000000,0x00000000d618a478,0x00000000d6480000)
  to   space 2560K, 0% used [0x00000000d6480000,0x00000000d6480000,0x00000000d6700000)
 ParOldGen       total 1327104K, used 1326683K [0x0000000080000000, 0x00000000d1000000, 0x00000000d5580000)
  object space 1327104K, 99% used [0x0000000080000000,0x00000000d0f96d98,0x00000000d1000000)
 Metaspace       used 71713K, committed 73152K, reserved 1179648K
  class space    used 7079K, committed 7808K, reserved 1048576K
}
Event: 17913.819 GC heap after
{Heap after GC invocations=1304 (full 4):
 PSYoungGen      total 11264K, used 2528K [0x00000000d5580000, 0x00000000d6700000, 0x0000000100000000)
  eden space 8704K, 0% used [0x00000000d5580000,0x00000000d5580000,0x00000000d5e00000)
  from space 2560K, 98% used [0x00000000d6480000,0x00000000d66f8020,0x00000000d6700000)
  to   space 4608K, 0% used [0x00000000d5e00000,0x00000000d5e00000,0x00000000d6280000)
 ParOldGen       total 1328640K, used 1328164K [0x0000000080000000, 0x00000000d1180000, 0x00000000d5580000)
  object space 1328640K, 99% used [0x0000000080000000,0x00000000d1109210,0x00000000d1180000)
 Metaspace       used 71713K, committed 73152K, reserved 1179648K
  class space    used 7079K, committed 7808K, reserved 1048576K
}
Event: 17915.487 GC heap before
{Heap before GC invocations=1305 (full 4):
 PSYoungGen      total 11264K, used 11232K [0x00000000d5580000, 0x00000000d6700000, 0x0000000100000000)
  eden space 8704K, 100% used [0x00000000d5580000,0x00000000d5e00000,0x00000000d5e00000)
  from space 2560K, 98% used [0x00000000d6480000,0x00000000d66f8020,0x00000000d6700000)
  to   space 4608K, 0% used [0x00000000d5e00000,0x00000000d5e00000,0x00000000d6280000)
 ParOldGen       total 1328640K, used 1328164K [0x0000000080000000, 0x00000000d1180000, 0x00000000d5580000)
  object space 1328640K, 99% used [0x0000000080000000,0x00000000d1109210,0x00000000d1180000)
 Metaspace       used 71713K, committed 73152K, reserved 1179648K
  class space    used 7079K, committed 7808K, reserved 1048576K
}
Event: 17915.533 GC heap after
{Heap after GC invocations=1305 (full 4):
 PSYoungGen      total 13312K, used 1664K [0x00000000d5580000, 0x00000000d6500000, 0x0000000100000000)
  eden space 8704K, 0% used [0x00000000d5580000,0x00000000d5580000,0x00000000d5e00000)
  from space 4608K, 36% used [0x00000000d5e00000,0x00000000d5fa0040,0x00000000d6280000)
  to   space 2560K, 0% used [0x00000000d6280000,0x00000000d6280000,0x00000000d6500000)
 ParOldGen       total 1330176K, used 1330146K [0x0000000080000000, 0x00000000d1300000, 0x00000000d5580000)
  object space 1330176K, 99% used [0x0000000080000000,0x00000000d12f8bf8,0x00000000d1300000)
 Metaspace       used 71713K, committed 73152K, reserved 1179648K
  class space    used 7079K, committed 7808K, reserved 1048576K
}
Event: 17915.949 GC heap before
{Heap before GC invocations=1306 (full 4):
 PSYoungGen      total 13312K, used 10368K [0x00000000d5580000, 0x00000000d6500000, 0x0000000100000000)
  eden space 8704K, 100% used [0x00000000d5580000,0x00000000d5e00000,0x00000000d5e00000)
  from space 4608K, 36% used [0x00000000d5e00000,0x00000000d5fa0040,0x00000000d6280000)
  to   space 2560K, 0% used [0x00000000d6280000,0x00000000d6280000,0x00000000d6500000)
 ParOldGen       total 1330176K, used 1330146K [0x0000000080000000, 0x00000000d1300000, 0x00000000d5580000)
  object space 1330176K, 99% used [0x0000000080000000,0x00000000d12f8bf8,0x00000000d1300000)
 Metaspace       used 71713K, committed 73152K, reserved 1179648K
  class space    used 7079K, committed 7808K, reserved 1048576K
}
Event: 17915.966 GC heap after
{Heap after GC invocations=1306 (full 4):
 PSYoungGen      total 9728K, used 808K [0x00000000d5580000, 0x00000000d6380000, 0x0000000100000000)
  eden space 8704K, 0% used [0x00000000d5580000,0x00000000d5580000,0x00000000d5e00000)
  from space 1024K, 78% used [0x00000000d6280000,0x00000000d634a2c0,0x00000000d6380000)
  to   space 1536K, 0% used [0x00000000d6080000,0x00000000d6080000,0x00000000d6200000)
 ParOldGen       total 1332224K, used 1331750K [0x0000000080000000, 0x00000000d1500000, 0x00000000d5580000)
  object space 1332224K, 99% used [0x0000000080000000,0x00000000d14899a0,0x00000000d1500000)
 Metaspace       used 71713K, committed 73152K, reserved 1179648K
  class space    used 7079K, committed 7808K, reserved 1048576K
}
Event: 17916.863 GC heap before
{Heap before GC invocations=1307 (full 4):
 PSYoungGen      total 9728K, used 9512K [0x00000000d5580000, 0x00000000d6380000, 0x0000000100000000)
  eden space 8704K, 100% used [0x00000000d5580000,0x00000000d5e00000,0x00000000d5e00000)
  from space 1024K, 78% used [0x00000000d6280000,0x00000000d634a2c0,0x00000000d6380000)
  to   space 1536K, 0% used [0x00000000d6080000,0x00000000d6080000,0x00000000d6200000)
 ParOldGen       total 1332224K, used 1331750K [0x0000000080000000, 0x00000000d1500000, 0x00000000d5580000)
  object space 1332224K, 99% used [0x0000000080000000,0x00000000d14899a0,0x00000000d1500000)
 Metaspace       used 71719K, committed 73152K, reserved 1179648K
  class space    used 7079K, committed 7808K, reserved 1048576K
}
Event: 17916.887 GC heap after
{Heap after GC invocations=1307 (full 4):
 PSYoungGen      total 10240K, used 1348K [0x00000000d5580000, 0x00000000d6300000, 0x0000000100000000)
  eden space 8704K, 0% used [0x00000000d5580000,0x00000000d5580000,0x00000000d5e00000)
  from space 1536K, 87% used [0x00000000d6080000,0x00000000d61d1230,0x00000000d6200000)
  to   space 1024K, 0% used [0x00000000d6200000,0x00000000d6200000,0x00000000d6300000)
 ParOldGen       total 1332736K, used 1332394K [0x0000000080000000, 0x00000000d1580000, 0x00000000d5580000)
  object space 1332736K, 99% used [0x0000000080000000,0x00000000d152a9b0,0x00000000d1580000)
 Metaspace       used 71719K, committed 73152K, reserved 1179648K
  class space    used 7079K, committed 7808K, reserved 1048576K
}
Event: 17917.035 GC heap before
{Heap before GC invocations=1308 (full 4):
 PSYoungGen      total 10240K, used 10052K [0x00000000d5580000, 0x00000000d6300000, 0x0000000100000000)
  eden space 8704K, 100% used [0x00000000d5580000,0x00000000d5e00000,0x00000000d5e00000)
  from space 1536K, 87% used [0x00000000d6080000,0x00000000d61d1230,0x00000000d6200000)
  to   space 1024K, 0% used [0x00000000d6200000,0x00000000d6200000,0x00000000d6300000)
 ParOldGen       total 1332736K, used 1332394K [0x0000000080000000, 0x00000000d1580000, 0x00000000d5580000)
  object space 1332736K, 99% used [0x0000000080000000,0x00000000d152a9b0,0x00000000d1580000)
 Metaspace       used 71723K, committed 73152K, reserved 1179648K
  class space    used 7079K, committed 7808K, reserved 1048576K
}
Event: 17917.052 GC heap after
{Heap after GC invocations=1308 (full 4):
 PSYoungGen      total 9728K, used 992K [0x00000000d5580000, 0x00000000d6300000, 0x0000000100000000)
  eden space 8704K, 0% used [0x00000000d5580000,0x00000000d5580000,0x00000000d5e00000)
  from space 1024K, 96% used [0x00000000d6200000,0x00000000d62f8000,0x00000000d6300000)
  to   space 1536K, 0% used [0x00000000d6000000,0x00000000d6000000,0x00000000d6180000)
 ParOldGen       total 1334272K, used 1333783K [0x0000000080000000, 0x00000000d1700000, 0x00000000d5580000)
  object space 1334272K, 99% used [0x0000000080000000,0x00000000d1685f88,0x00000000d1700000)
 Metaspace       used 71723K, committed 73152K, reserved 1179648K
  class space    used 7079K, committed 7808K, reserved 1048576K
}
Event: 17917.614 GC heap before
{Heap before GC invocations=1309 (full 4):
 PSYoungGen      total 9728K, used 9696K [0x00000000d5580000, 0x00000000d6300000, 0x0000000100000000)
  eden space 8704K, 100% used [0x00000000d5580000,0x00000000d5e00000,0x00000000d5e00000)
  from space 1024K, 96% used [0x00000000d6200000,0x00000000d62f8000,0x00000000d6300000)
  to   space 1536K, 0% used [0x00000000d6000000,0x00000000d6000000,0x00000000d6180000)
 ParOldGen       total 1334272K, used 1333783K [0x0000000080000000, 0x00000000d1700000, 0x00000000d5580000)
  object space 1334272K, 99% used [0x0000000080000000,0x00000000d1685f88,0x00000000d1700000)
 Metaspace       used 71732K, committed 73152K, reserved 1179648K
  class space    used 7079K, committed 7808K, reserved 1048576K
}
Event: 17917.669 GC heap after
{Heap after GC invocations=1309 (full 4):
 PSYoungGen      total 10240K, used 1504K [0x00000000d5580000, 0x00000000d6300000, 0x0000000100000000)
  eden space 8704K, 0% used [0x00000000d5580000,0x00000000d5580000,0x00000000d5e00000)
  from space 1536K, 97% used [0x00000000d6000000,0x00000000d6178020,0x00000000d6180000)
  to   space 1536K, 0% used [0x00000000d6180000,0x00000000d6180000,0x00000000d6300000)
 ParOldGen       total 1334784K, used 1334583K [0x0000000080000000, 0x00000000d1780000, 0x00000000d5580000)
  object space 1334784K, 99% used [0x0000000080000000,0x00000000d174df98,0x00000000d1780000)
 Metaspace       used 71732K, committed 73152K, reserved 1179648K
  class space    used 7079K, committed 7808K, reserved 1048576K
}
Event: 17917.850 GC heap before
{Heap before GC invocations=1310 (full 4):
 PSYoungGen      total 10240K, used 10208K [0x00000000d5580000, 0x00000000d6300000, 0x0000000100000000)
  eden space 8704K, 99% used [0x00000000d5580000,0x00000000d5dffff0,0x00000000d5e00000)
  from space 1536K, 97% used [0x00000000d6000000,0x00000000d6178020,0x00000000d6180000)
  to   space 1536K, 0% used [0x00000000d6180000,0x00000000d6180000,0x00000000d6300000)
 ParOldGen       total 1334784K, used 1334583K [0x0000000080000000, 0x00000000d1780000, 0x00000000d5580000)
  object space 1334784K, 99% used [0x0000000080000000,0x00000000d174df98,0x00000000d1780000)
 Metaspace       used 71732K, committed 73152K, reserved 1179648K
  class space    used 7079K, committed 7808K, reserved 1048576K
}
Event: 17917.866 GC heap after
{Heap after GC invocations=1310 (full 4):
 PSYoungGen      total 9728K, used 844K [0x00000000d5580000, 0x00000000d6280000, 0x0000000100000000)
  eden space 8704K, 0% used [0x00000000d5580000,0x00000000d5580000,0x00000000d5e00000)
  from space 1024K, 82% used [0x00000000d6180000,0x00000000d6253010,0x00000000d6280000)
  to   space 1536K, 0% used [0x00000000d5f80000,0x00000000d5f80000,0x00000000d6100000)
 ParOldGen       total 1336320K, used 1336018K [0x0000000080000000, 0x00000000d1900000, 0x00000000d5580000)
  object space 1336320K, 99% used [0x0000000080000000,0x00000000d18b4aa0,0x00000000d1900000)
 Metaspace       used 71732K, committed 73152K, reserved 1179648K
  class space    used 7079K, committed 7808K, reserved 1048576K
}
Event: 17918.003 GC heap before
{Heap before GC invocations=1311 (full 4):
 PSYoungGen      total 9728K, used 9548K [0x00000000d5580000, 0x00000000d6280000, 0x0000000100000000)
  eden space 8704K, 100% used [0x00000000d5580000,0x00000000d5e00000,0x00000000d5e00000)
  from space 1024K, 82% used [0x00000000d6180000,0x00000000d6253010,0x00000000d6280000)
  to   space 1536K, 0% used [0x00000000d5f80000,0x00000000d5f80000,0x00000000d6100000)
 ParOldGen       total 1336320K, used 1336018K [0x0000000080000000, 0x00000000d1900000, 0x00000000d5580000)
  object space 1336320K, 99% used [0x0000000080000000,0x00000000d18b4aa0,0x00000000d1900000)
 Metaspace       used 71734K, committed 73152K, reserved 1179648K
  class space    used 7079K, committed 7808K, reserved 1048576K
}
Event: 17918.022 GC heap after
{Heap after GC invocations=1311 (full 4):
 PSYoungGen      total 10240K, used 1504K [0x00000000d5580000, 0x00000000d6300000, 0x0000000100000000)
  eden space 8704K, 0% used [0x00000000d5580000,0x00000000d5580000,0x00000000d5e00000)
  from space 1536K, 97% used [0x00000000d5f80000,0x00000000d60f8040,0x00000000d6100000)
  to   space 2048K, 0% used [0x00000000d6100000,0x00000000d6100000,0x00000000d6300000)
 ParOldGen       total 1336832K, used 1336679K [0x0000000080000000, 0x00000000d1980000, 0x00000000d5580000)
  object space 1336832K, 99% used [0x0000000080000000,0x00000000d1959cc8,0x00000000d1980000)
 Metaspace       used 71734K, committed 73152K, reserved 1179648K
  class space    used 7079K, committed 7808K, reserved 1048576K
}
Event: 18079.847 GC heap before
{Heap before GC invocations=1312 (full 4):
 PSYoungGen      total 10240K, used 10208K [0x00000000d5580000, 0x00000000d6300000, 0x0000000100000000)
  eden space 8704K, 100% used [0x00000000d5580000,0x00000000d5e00000,0x00000000d5e00000)
  from space 1536K, 97% used [0x00000000d5f80000,0x00000000d60f8040,0x00000000d6100000)
  to   space 2048K, 0% used [0x00000000d6100000,0x00000000d6100000,0x00000000d6300000)
 ParOldGen       total 1368576K, used 1367399K [0x0000000080000000, 0x00000000d3880000, 0x00000000d5580000)
  object space 1368576K, 99% used [0x0000000080000000,0x00000000d3759cf8,0x00000000d3880000)
 Metaspace       used 71758K, committed 73216K, reserved 1179648K
  class space    used 7079K, committed 7808K, reserved 1048576K
}
Event: 18081.587 GC heap after
{Heap after GC invocations=1312 (full 4):
 PSYoungGen      total 9728K, used 695K [0x00000000d5580000, 0x00000000d6200000, 0x0000000100000000)
  eden space 8704K, 0% used [0x00000000d5580000,0x00000000d5580000,0x00000000d5e00000)
  from space 1024K, 67% used [0x00000000d6100000,0x00000000d61addd0,0x00000000d6200000)
  to   space 1536K, 0% used [0x00000000d5f00000,0x00000000d5f00000,0x00000000d6080000)
 ParOldGen       total 1369088K, used 1368871K [0x0000000080000000, 0x00000000d3900000, 0x00000000d5580000)
  object space 1369088K, 99% used [0x0000000080000000,0x00000000d38c9d38,0x00000000d3900000)
 Metaspace       used 71758K, committed 73216K, reserved 1179648K
  class space    used 7079K, committed 7808K, reserved 1048576K
}

